Analysis & Synthesis report for circuito_exp5
Thu Jan 30 15:38:53 2025
Quartus Prime Version 20.1.1 Build 720 11/11/2020 SJ Lite Edition


---------------------
; Table of Contents ;
---------------------
  1. Legal Notice
  2. Analysis & Synthesis Summary
  3. Analysis & Synthesis Settings
  4. Parallel Compilation
  5. Analysis & Synthesis Source Files Read
  6. Analysis & Synthesis Resource Usage Summary
  7. Analysis & Synthesis Resource Utilization by Entity
  8. State Machine - |circuito_exp5|exp5_unidade_controle:UC|Eatual
  9. Registers Removed During Synthesis
 10. General Register Statistics
 11. Multiplexer Restructuring Statistics (Restructuring Performed)
 12. Parameter Settings for User Entity Instance: exp5_fluxo_dados:FD|contador_m:timeout
 13. Parameter Settings for User Entity Instance: exp5_unidade_controle:UC
 14. Port Connectivity Checks: "exp5_fluxo_dados:FD|comparador_85:comparadoSequencia"
 15. Port Connectivity Checks: "exp5_fluxo_dados:FD|comparador_85:comparadorRodada"
 16. Port Connectivity Checks: "exp5_fluxo_dados:FD|contador_m:timeout"
 17. Port Connectivity Checks: "exp5_fluxo_dados:FD|contador_163:contadorRodada"
 18. Port Connectivity Checks: "exp5_fluxo_dados:FD|contador_163:contadorSequencia"
 19. Port Connectivity Checks: "exp5_fluxo_dados:FD"
 20. Post-Synthesis Netlist Statistics for Top Partition
 21. Elapsed Time Per Partition
 22. Analysis & Synthesis Messages



----------------
; Legal Notice ;
----------------
Copyright (C) 2020  Intel Corporation. All rights reserved.
Your use of Intel Corporation's design tools, logic functions 
and other software and tools, and any partner logic 
functions, and any output files from any of the foregoing 
(including device programming or simulation files), and any 
associated documentation or information are expressly subject 
to the terms and conditions of the Intel Program License 
Subscription Agreement, the Intel Quartus Prime License Agreement,
the Intel FPGA IP License Agreement, or other applicable license
agreement, including, without limitation, that your use is for
the sole purpose of programming logic devices manufactured by
Intel and sold by Intel or its authorized distributors.  Please
refer to the applicable agreement for further details, at
https://fpgasoftware.intel.com/eula.



+-------------------------------------------------------------------------------+
; Analysis & Synthesis Summary                                                  ;
+---------------------------------+---------------------------------------------+
; Analysis & Synthesis Status     ; Successful - Thu Jan 30 15:38:53 2025       ;
; Quartus Prime Version           ; 20.1.1 Build 720 11/11/2020 SJ Lite Edition ;
; Revision Name                   ; circuito_exp5                               ;
; Top-level Entity Name           ; circuito_exp5                               ;
; Family                          ; Cyclone V                                   ;
; Logic utilization (in ALMs)     ; N/A                                         ;
; Total registers                 ; 42                                          ;
; Total pins                      ; 50                                          ;
; Total virtual pins              ; 0                                           ;
; Total block memory bits         ; 0                                           ;
; Total DSP Blocks                ; 0                                           ;
; Total HSSI RX PCSs              ; 0                                           ;
; Total HSSI PMA RX Deserializers ; 0                                           ;
; Total HSSI TX PCSs              ; 0                                           ;
; Total HSSI PMA TX Serializers   ; 0                                           ;
; Total PLLs                      ; 0                                           ;
; Total DLLs                      ; 0                                           ;
+---------------------------------+---------------------------------------------+


+---------------------------------------------------------------------------------------------------------------------------+
; Analysis & Synthesis Settings                                                                                             ;
+---------------------------------------------------------------------------------+--------------------+--------------------+
; Option                                                                          ; Setting            ; Default Value      ;
+---------------------------------------------------------------------------------+--------------------+--------------------+
; Device                                                                          ; 5CEBA4F23C7        ;                    ;
; Top-level entity name                                                           ; circuito_exp5      ; circuito_exp5      ;
; Family name                                                                     ; Cyclone V          ; Cyclone V          ;
; Use smart compilation                                                           ; Off                ; Off                ;
; Enable parallel Assembler and Timing Analyzer during compilation                ; On                 ; On                 ;
; Enable compact report table                                                     ; Off                ; Off                ;
; Restructure Multiplexers                                                        ; Auto               ; Auto               ;
; MLAB Add Timing Constraints For Mixed-Port Feed-Through Mode Setting Don't Care ; Off                ; Off                ;
; Create Debugging Nodes for IP Cores                                             ; Off                ; Off                ;
; Preserve fewer node names                                                       ; On                 ; On                 ;
; Intel FPGA IP Evaluation Mode                                                   ; Enable             ; Enable             ;
; Verilog Version                                                                 ; Verilog_2001       ; Verilog_2001       ;
; VHDL Version                                                                    ; VHDL_1993          ; VHDL_1993          ;
; State Machine Processing                                                        ; Auto               ; Auto               ;
; Safe State Machine                                                              ; Off                ; Off                ;
; Extract Verilog State Machines                                                  ; On                 ; On                 ;
; Extract VHDL State Machines                                                     ; On                 ; On                 ;
; Ignore Verilog initial constructs                                               ; Off                ; Off                ;
; Iteration limit for constant Verilog loops                                      ; 5000               ; 5000               ;
; Iteration limit for non-constant Verilog loops                                  ; 250                ; 250                ;
; Add Pass-Through Logic to Inferred RAMs                                         ; On                 ; On                 ;
; Infer RAMs from Raw Logic                                                       ; On                 ; On                 ;
; Parallel Synthesis                                                              ; On                 ; On                 ;
; DSP Block Balancing                                                             ; Auto               ; Auto               ;
; NOT Gate Push-Back                                                              ; On                 ; On                 ;
; Power-Up Don't Care                                                             ; On                 ; On                 ;
; Remove Redundant Logic Cells                                                    ; Off                ; Off                ;
; Remove Duplicate Registers                                                      ; On                 ; On                 ;
; Ignore CARRY Buffers                                                            ; Off                ; Off                ;
; Ignore CASCADE Buffers                                                          ; Off                ; Off                ;
; Ignore GLOBAL Buffers                                                           ; Off                ; Off                ;
; Ignore ROW GLOBAL Buffers                                                       ; Off                ; Off                ;
; Ignore LCELL Buffers                                                            ; Off                ; Off                ;
; Ignore SOFT Buffers                                                             ; On                 ; On                 ;
; Limit AHDL Integers to 32 Bits                                                  ; Off                ; Off                ;
; Optimization Technique                                                          ; Balanced           ; Balanced           ;
; Carry Chain Length                                                              ; 70                 ; 70                 ;
; Auto Carry Chains                                                               ; On                 ; On                 ;
; Auto Open-Drain Pins                                                            ; On                 ; On                 ;
; Perform WYSIWYG Primitive Resynthesis                                           ; Off                ; Off                ;
; Auto ROM Replacement                                                            ; On                 ; On                 ;
; Auto RAM Replacement                                                            ; On                 ; On                 ;
; Auto DSP Block Replacement                                                      ; On                 ; On                 ;
; Auto Shift Register Replacement                                                 ; Auto               ; Auto               ;
; Allow Shift Register Merging across Hierarchies                                 ; Auto               ; Auto               ;
; Auto Clock Enable Replacement                                                   ; On                 ; On                 ;
; Strict RAM Replacement                                                          ; Off                ; Off                ;
; Allow Synchronous Control Signals                                               ; On                 ; On                 ;
; Force Use of Synchronous Clear Signals                                          ; Off                ; Off                ;
; Auto Resource Sharing                                                           ; Off                ; Off                ;
; Allow Any RAM Size For Recognition                                              ; Off                ; Off                ;
; Allow Any ROM Size For Recognition                                              ; Off                ; Off                ;
; Allow Any Shift Register Size For Recognition                                   ; Off                ; Off                ;
; Use LogicLock Constraints during Resource Balancing                             ; On                 ; On                 ;
; Ignore translate_off and synthesis_off directives                               ; Off                ; Off                ;
; Timing-Driven Synthesis                                                         ; On                 ; On                 ;
; Report Parameter Settings                                                       ; On                 ; On                 ;
; Report Source Assignments                                                       ; On                 ; On                 ;
; Report Connectivity Checks                                                      ; On                 ; On                 ;
; Ignore Maximum Fan-Out Assignments                                              ; Off                ; Off                ;
; Synchronization Register Chain Length                                           ; 3                  ; 3                  ;
; Power Optimization During Synthesis                                             ; Normal compilation ; Normal compilation ;
; HDL message level                                                               ; Level2             ; Level2             ;
; Suppress Register Optimization Related Messages                                 ; Off                ; Off                ;
; Number of Removed Registers Reported in Synthesis Report                        ; 5000               ; 5000               ;
; Number of Swept Nodes Reported in Synthesis Report                              ; 5000               ; 5000               ;
; Number of Inverted Registers Reported in Synthesis Report                       ; 100                ; 100                ;
; Clock MUX Protection                                                            ; On                 ; On                 ;
; Auto Gated Clock Conversion                                                     ; Off                ; Off                ;
; Block Design Naming                                                             ; Auto               ; Auto               ;
; SDC constraint protection                                                       ; Off                ; Off                ;
; Synthesis Effort                                                                ; Auto               ; Auto               ;
; Shift Register Replacement - Allow Asynchronous Clear Signal                    ; On                 ; On                 ;
; Pre-Mapping Resynthesis Optimization                                            ; Off                ; Off                ;
; Analysis & Synthesis Message Level                                              ; Medium             ; Medium             ;
; Disable Register Merging Across Hierarchies                                     ; Auto               ; Auto               ;
; Resource Aware Inference For Block RAM                                          ; On                 ; On                 ;
; Automatic Parallel Synthesis                                                    ; On                 ; On                 ;
; Partial Reconfiguration Bitstream ID                                            ; Off                ; Off                ;
+---------------------------------------------------------------------------------+--------------------+--------------------+


+------------------------------------------+
; Parallel Compilation                     ;
+----------------------------+-------------+
; Processors                 ; Number      ;
+----------------------------+-------------+
; Number detected on machine ; 8           ;
; Maximum allowed            ; 4           ;
;                            ;             ;
; Average used               ; 1.00        ;
; Maximum used               ; 4           ;
;                            ;             ;
; Usage by Processor         ; % Time Used ;
;     Processor 1            ; 100.0%      ;
;     Processors 2-4         ;   0.0%      ;
+----------------------------+-------------+


+---------------------------------------------------------------------------------------------------------------------------------------------------------------------+
; Analysis & Synthesis Source Files Read                                                                                                                              ;
+------------------------------------+-----------------+------------------------+---------------------------------------------------------------------------+---------+
; File Name with User-Entered Path   ; Used in Netlist ; File Type              ; File Name with Absolute Path                                              ; Library ;
+------------------------------------+-----------------+------------------------+---------------------------------------------------------------------------+---------+
; ../VERILOG/sync_rom_16x4.v         ; yes             ; User Verilog HDL File  ; C:/Users/gabri/CODE/VERILOG/QUARTUS/LAB05/VERILOG/sync_rom_16x4.v         ;         ;
; ../VERILOG/registrador_4.v         ; yes             ; User Verilog HDL File  ; C:/Users/gabri/CODE/VERILOG/QUARTUS/LAB05/VERILOG/registrador_4.v         ;         ;
; ../VERILOG/hexa7seg.v              ; yes             ; User Verilog HDL File  ; C:/Users/gabri/CODE/VERILOG/QUARTUS/LAB05/VERILOG/hexa7seg.v              ;         ;
; ../VERILOG/exp5_unidade_controle.v ; yes             ; User Verilog HDL File  ; C:/Users/gabri/CODE/VERILOG/QUARTUS/LAB05/VERILOG/exp5_unidade_controle.v ;         ;
; ../VERILOG/exp5_fluxo_dados.v      ; yes             ; User Verilog HDL File  ; C:/Users/gabri/CODE/VERILOG/QUARTUS/LAB05/VERILOG/exp5_fluxo_dados.v      ;         ;
; ../VERILOG/edge_detector.v         ; yes             ; User Verilog HDL File  ; C:/Users/gabri/CODE/VERILOG/QUARTUS/LAB05/VERILOG/edge_detector.v         ;         ;
; ../VERILOG/contador_m.v            ; yes             ; User Verilog HDL File  ; C:/Users/gabri/CODE/VERILOG/QUARTUS/LAB05/VERILOG/contador_m.v            ;         ;
; ../VERILOG/contador_163.v          ; yes             ; User Verilog HDL File  ; C:/Users/gabri/CODE/VERILOG/QUARTUS/LAB05/VERILOG/contador_163.v          ;         ;
; ../VERILOG/comparador_85.v         ; yes             ; User Verilog HDL File  ; C:/Users/gabri/CODE/VERILOG/QUARTUS/LAB05/VERILOG/comparador_85.v         ;         ;
; ../VERILOG/circuito_exp5.v         ; yes             ; User Verilog HDL File  ; C:/Users/gabri/CODE/VERILOG/QUARTUS/LAB05/VERILOG/circuito_exp5.v         ;         ;
+------------------------------------+-----------------+------------------------+---------------------------------------------------------------------------+---------+


+-----------------------------------------------------------+
; Analysis & Synthesis Resource Usage Summary               ;
+---------------------------------------------+-------------+
; Resource                                    ; Usage       ;
+---------------------------------------------+-------------+
; Estimate of Logic utilization (ALMs needed) ; 49          ;
;                                             ;             ;
; Combinational ALUT usage for logic          ; 83          ;
;     -- 7 input functions                    ; 0           ;
;     -- 6 input functions                    ; 13          ;
;     -- 5 input functions                    ; 6           ;
;     -- 4 input functions                    ; 40          ;
;     -- <=3 input functions                  ; 24          ;
;                                             ;             ;
; Dedicated logic registers                   ; 42          ;
;                                             ;             ;
; I/O pins                                    ; 50          ;
;                                             ;             ;
; Total DSP Blocks                            ; 0           ;
;                                             ;             ;
; Maximum fan-out node                        ; clock~input ;
; Maximum fan-out                             ; 43          ;
; Total fan-out                               ; 561         ;
; Average fan-out                             ; 2.49        ;
+---------------------------------------------+-------------+


+----------------------------------------------------------------------------------------------------------------------------------------------------------------------------------------------------------------------------------------------------------------+
; Analysis & Synthesis Resource Utilization by Entity                                                                                                                                                                                                            ;
+------------------------------------------+---------------------+---------------------------+-------------------+------------+------+--------------+---------------------------------------------------------------------+-----------------------+--------------+
; Compilation Hierarchy Node               ; Combinational ALUTs ; Dedicated Logic Registers ; Block Memory Bits ; DSP Blocks ; Pins ; Virtual Pins ; Full Hierarchy Name                                                 ; Entity Name           ; Library Name ;
+------------------------------------------+---------------------+---------------------------+-------------------+------------+------+--------------+---------------------------------------------------------------------+-----------------------+--------------+
; |circuito_exp5                           ; 83 (0)              ; 42 (0)                    ; 0                 ; 0          ; 50   ; 0            ; |circuito_exp5                                                      ; circuito_exp5         ; work         ;
;    |exp5_fluxo_dados:FD|                 ; 35 (1)              ; 30 (0)                    ; 0                 ; 0          ; 0    ; 0            ; |circuito_exp5|exp5_fluxo_dados:FD                                  ; exp5_fluxo_dados      ; work         ;
;       |comparador_85:comparadoSequencia| ; 2 (2)               ; 0 (0)                     ; 0                 ; 0          ; 0    ; 0            ; |circuito_exp5|exp5_fluxo_dados:FD|comparador_85:comparadoSequencia ; comparador_85         ; work         ;
;       |comparador_85:comparadorRodada|   ; 3 (3)               ; 0 (0)                     ; 0                 ; 0          ; 0    ; 0            ; |circuito_exp5|exp5_fluxo_dados:FD|comparador_85:comparadorRodada   ; comparador_85         ; work         ;
;       |contador_163:contadorRodada|      ; 5 (5)               ; 4 (4)                     ; 0                 ; 0          ; 0    ; 0            ; |circuito_exp5|exp5_fluxo_dados:FD|contador_163:contadorRodada      ; contador_163          ; work         ;
;       |contador_163:contadorSequencia|   ; 5 (5)               ; 4 (4)                     ; 0                 ; 0          ; 0    ; 0            ; |circuito_exp5|exp5_fluxo_dados:FD|contador_163:contadorSequencia   ; contador_163          ; work         ;
;       |contador_m:timeout|               ; 15 (15)             ; 12 (12)                   ; 0                 ; 0          ; 0    ; 0            ; |circuito_exp5|exp5_fluxo_dados:FD|contador_m:timeout               ; contador_m            ; work         ;
;       |edge_detector:detector|           ; 0 (0)               ; 2 (2)                     ; 0                 ; 0          ; 0    ; 0            ; |circuito_exp5|exp5_fluxo_dados:FD|edge_detector:detector           ; edge_detector         ; work         ;
;       |registrador_4:reg4Bits|           ; 0 (0)               ; 4 (4)                     ; 0                 ; 0          ; 0    ; 0            ; |circuito_exp5|exp5_fluxo_dados:FD|registrador_4:reg4Bits           ; registrador_4         ; work         ;
;       |sync_rom_16x4:memoria|            ; 4 (4)               ; 4 (4)                     ; 0                 ; 0          ; 0    ; 0            ; |circuito_exp5|exp5_fluxo_dados:FD|sync_rom_16x4:memoria            ; sync_rom_16x4         ; work         ;
;    |exp5_unidade_controle:UC|            ; 20 (20)             ; 12 (12)                   ; 0                 ; 0          ; 0    ; 0            ; |circuito_exp5|exp5_unidade_controle:UC                             ; exp5_unidade_controle ; work         ;
;    |hexa7seg:HEX0|                       ; 7 (7)               ; 0 (0)                     ; 0                 ; 0          ; 0    ; 0            ; |circuito_exp5|hexa7seg:HEX0                                        ; hexa7seg              ; work         ;
;    |hexa7seg:HEX1|                       ; 7 (7)               ; 0 (0)                     ; 0                 ; 0          ; 0    ; 0            ; |circuito_exp5|hexa7seg:HEX1                                        ; hexa7seg              ; work         ;
;    |hexa7seg:HEX2|                       ; 7 (7)               ; 0 (0)                     ; 0                 ; 0          ; 0    ; 0            ; |circuito_exp5|hexa7seg:HEX2                                        ; hexa7seg              ; work         ;
;    |hexa7seg:HEX5|                       ; 7 (7)               ; 0 (0)                     ; 0                 ; 0          ; 0    ; 0            ; |circuito_exp5|hexa7seg:HEX5                                        ; hexa7seg              ; work         ;
+------------------------------------------+---------------------+---------------------------+-------------------+------------+------+--------------+---------------------------------------------------------------------+-----------------------+--------------+
Note: For table entries with two numbers listed, the numbers in parentheses indicate the number of resources of the given type used by the specific entity alone. The numbers listed outside of parentheses indicate the total resources of the given type used by the specific entity and all of its sub-entities in the hierarchy.


Encoding Type:  One-Hot
+------------------------------------------------------------------------------------------------------------------------------------------------------------------------------------------------------------------------------------------------------------------------------------------------------------------------+
; State Machine - |circuito_exp5|exp5_unidade_controle:UC|Eatual                                                                                                                                                                                                                                                         ;
+-----------------------------+----------------+----------------------+--------------------+--------------------------+-------------------------+-----------------------+-----------------------+------------------------+----------------------+-------------------------+-----------------------------+----------------+
; Name                        ; Eatual.timeout ; Eatual.final_acertou ; Eatual.final_errou ; Eatual.proxima_sequencia ; Eatual.ultima_sequencia ; Eatual.proxima_jogada ; Eatual.compara_jogada ; Eatual.registra_jogada ; Eatual.espera_jogada ; Eatual.inicia_sequencia ; Eatual.inicializa_elementos ; Eatual.inicial ;
+-----------------------------+----------------+----------------------+--------------------+--------------------------+-------------------------+-----------------------+-----------------------+------------------------+----------------------+-------------------------+-----------------------------+----------------+
; Eatual.inicial              ; 0              ; 0                    ; 0                  ; 0                        ; 0                       ; 0                     ; 0                     ; 0                      ; 0                    ; 0                       ; 0                           ; 0              ;
; Eatual.inicializa_elementos ; 0              ; 0                    ; 0                  ; 0                        ; 0                       ; 0                     ; 0                     ; 0                      ; 0                    ; 0                       ; 1                           ; 1              ;
; Eatual.inicia_sequencia     ; 0              ; 0                    ; 0                  ; 0                        ; 0                       ; 0                     ; 0                     ; 0                      ; 0                    ; 1                       ; 0                           ; 1              ;
; Eatual.espera_jogada        ; 0              ; 0                    ; 0                  ; 0                        ; 0                       ; 0                     ; 0                     ; 0                      ; 1                    ; 0                       ; 0                           ; 1              ;
; Eatual.registra_jogada      ; 0              ; 0                    ; 0                  ; 0                        ; 0                       ; 0                     ; 0                     ; 1                      ; 0                    ; 0                       ; 0                           ; 1              ;
; Eatual.compara_jogada       ; 0              ; 0                    ; 0                  ; 0                        ; 0                       ; 0                     ; 1                     ; 0                      ; 0                    ; 0                       ; 0                           ; 1              ;
; Eatual.proxima_jogada       ; 0              ; 0                    ; 0                  ; 0                        ; 0                       ; 1                     ; 0                     ; 0                      ; 0                    ; 0                       ; 0                           ; 1              ;
; Eatual.ultima_sequencia     ; 0              ; 0                    ; 0                  ; 0                        ; 1                       ; 0                     ; 0                     ; 0                      ; 0                    ; 0                       ; 0                           ; 1              ;
; Eatual.proxima_sequencia    ; 0              ; 0                    ; 0                  ; 1                        ; 0                       ; 0                     ; 0                     ; 0                      ; 0                    ; 0                       ; 0                           ; 1              ;
; Eatual.final_errou          ; 0              ; 0                    ; 1                  ; 0                        ; 0                       ; 0                     ; 0                     ; 0                      ; 0                    ; 0                       ; 0                           ; 1              ;
; Eatual.final_acertou        ; 0              ; 1                    ; 0                  ; 0                        ; 0                       ; 0                     ; 0                     ; 0                      ; 0                    ; 0                       ; 0                           ; 1              ;
; Eatual.timeout              ; 1              ; 0                    ; 0                  ; 0                        ; 0                       ; 0                     ; 0                     ; 0                      ; 0                    ; 0                       ; 0                           ; 1              ;
+-----------------------------+----------------+----------------------+--------------------+--------------------------+-------------------------+-----------------------+-----------------------+------------------------+----------------------+-------------------------+-----------------------------+----------------+


+------------------------------------------------------------+
; Registers Removed During Synthesis                         ;
+---------------------------------------+--------------------+
; Register name                         ; Reason for Removal ;
+---------------------------------------+--------------------+
; exp5_unidade_controle:UC|Eatual~4     ; Lost fanout        ;
; exp5_unidade_controle:UC|Eatual~5     ; Lost fanout        ;
; exp5_unidade_controle:UC|Eatual~6     ; Lost fanout        ;
; exp5_unidade_controle:UC|Eatual~7     ; Lost fanout        ;
; Total Number of Removed Registers = 4 ;                    ;
+---------------------------------------+--------------------+


+------------------------------------------------------+
; General Register Statistics                          ;
+----------------------------------------------+-------+
; Statistic                                    ; Value ;
+----------------------------------------------+-------+
; Total registers                              ; 42    ;
; Number of registers using Synchronous Clear  ; 12    ;
; Number of registers using Synchronous Load   ; 0     ;
; Number of registers using Asynchronous Clear ; 30    ;
; Number of registers using Asynchronous Load  ; 0     ;
; Number of registers using Clock Enable       ; 24    ;
; Number of registers using Preset             ; 0     ;
+----------------------------------------------+-------+


+--------------------------------------------------------------------------------------------------------------------------------------------------------------------------------------+
; Multiplexer Restructuring Statistics (Restructuring Performed)                                                                                                                       ;
+--------------------+-----------+---------------+----------------------+------------------------+------------+------------------------------------------------------------------------+
; Multiplexer Inputs ; Bus Width ; Baseline Area ; Area if Restructured ; Saving if Restructured ; Registered ; Example Multiplexer Output                                             ;
+--------------------+-----------+---------------+----------------------+------------------------+------------+------------------------------------------------------------------------+
; 3:1                ; 4 bits    ; 8 LEs         ; 4 LEs                ; 4 LEs                  ; Yes        ; |circuito_exp5|exp5_fluxo_dados:FD|contador_163:contadorSequencia|Q[3] ;
; 3:1                ; 4 bits    ; 8 LEs         ; 4 LEs                ; 4 LEs                  ; Yes        ; |circuito_exp5|exp5_fluxo_dados:FD|contador_163:contadorRodada|Q[3]    ;
; 3:1                ; 2 bits    ; 4 LEs         ; 4 LEs                ; 0 LEs                  ; No         ; |circuito_exp5|exp5_unidade_controle:UC|Eprox.proxima_jogada           ;
+--------------------+-----------+---------------+----------------------+------------------------+------------+------------------------------------------------------------------------+


+-------------------------------------------------------------------------------------+
; Parameter Settings for User Entity Instance: exp5_fluxo_dados:FD|contador_m:timeout ;
+----------------+-------+------------------------------------------------------------+
; Parameter Name ; Value ; Type                                                       ;
+----------------+-------+------------------------------------------------------------+
; M              ; 3000  ; Signed Integer                                             ;
; N              ; 12    ; Signed Integer                                             ;
+----------------+-------+------------------------------------------------------------+
Note: In order to hide this table in the UI and the text report file, please set the "Show Parameter Settings in Synthesis Report" option in "Analysis and Synthesis Settings -> More Settings" to "Off".


+-----------------------------------------------------------------------+
; Parameter Settings for User Entity Instance: exp5_unidade_controle:UC ;
+----------------------+-------+----------------------------------------+
; Parameter Name       ; Value ; Type                                   ;
+----------------------+-------+----------------------------------------+
; inicial              ; 0000  ; Unsigned Binary                        ;
; inicializa_elementos ; 0001  ; Unsigned Binary                        ;
; inicia_sequencia     ; 0010  ; Unsigned Binary                        ;
; espera_jogada        ; 0011  ; Unsigned Binary                        ;
; registra_jogada      ; 0100  ; Unsigned Binary                        ;
; compara_jogada       ; 0101  ; Unsigned Binary                        ;
; proxima_jogada       ; 0110  ; Unsigned Binary                        ;
; ultima_sequencia     ; 0111  ; Unsigned Binary                        ;
; proxima_sequencia    ; 1000  ; Unsigned Binary                        ;
; final_errou          ; 1001  ; Unsigned Binary                        ;
; final_acertou        ; 1010  ; Unsigned Binary                        ;
; timeout              ; 1011  ; Unsigned Binary                        ;
+----------------------+-------+----------------------------------------+
Note: In order to hide this table in the UI and the text report file, please set the "Show Parameter Settings in Synthesis Report" option in "Analysis and Synthesis Settings -> More Settings" to "Off".


+----------------------------------------------------------------------------------+
; Port Connectivity Checks: "exp5_fluxo_dados:FD|comparador_85:comparadoSequencia" ;
+------+--------+----------+-------------------------------------------------------+
; Port ; Type   ; Severity ; Details                                               ;
+------+--------+----------+-------------------------------------------------------+
; ALBi ; Input  ; Info     ; Stuck at GND                                          ;
; AGBi ; Input  ; Info     ; Stuck at GND                                          ;
; AEBi ; Input  ; Info     ; Stuck at VCC                                          ;
; ALBo ; Output ; Info     ; Explicitly unconnected                                ;
; AGBo ; Output ; Info     ; Explicitly unconnected                                ;
+------+--------+----------+-------------------------------------------------------+


+--------------------------------------------------------------------------------+
; Port Connectivity Checks: "exp5_fluxo_dados:FD|comparador_85:comparadorRodada" ;
+------+--------+----------+-----------------------------------------------------+
; Port ; Type   ; Severity ; Details                                             ;
+------+--------+----------+-----------------------------------------------------+
; ALBi ; Input  ; Info     ; Stuck at GND                                        ;
; AGBi ; Input  ; Info     ; Stuck at GND                                        ;
; AEBi ; Input  ; Info     ; Stuck at VCC                                        ;
; ALBo ; Output ; Info     ; Explicitly unconnected                              ;
; AGBo ; Output ; Info     ; Explicitly unconnected                              ;
+------+--------+----------+-----------------------------------------------------+


+--------------------------------------------------------------------+
; Port Connectivity Checks: "exp5_fluxo_dados:FD|contador_m:timeout" ;
+--------+--------+----------+---------------------------------------+
; Port   ; Type   ; Severity ; Details                               ;
+--------+--------+----------+---------------------------------------+
; zera_s ; Input  ; Info     ; Stuck at GND                          ;
; Q      ; Output ; Info     ; Explicitly unconnected                ;
; meio   ; Output ; Info     ; Explicitly unconnected                ;
+--------+--------+----------+---------------------------------------+


+-----------------------------------------------------------------------------+
; Port Connectivity Checks: "exp5_fluxo_dados:FD|contador_163:contadorRodada" ;
+------+-------+----------+---------------------------------------------------+
; Port ; Type  ; Severity ; Details                                           ;
+------+-------+----------+---------------------------------------------------+
; ld   ; Input ; Info     ; Stuck at VCC                                      ;
; ent  ; Input ; Info     ; Stuck at VCC                                      ;
; D    ; Input ; Info     ; Stuck at GND                                      ;
+------+-------+----------+---------------------------------------------------+


+--------------------------------------------------------------------------------+
; Port Connectivity Checks: "exp5_fluxo_dados:FD|contador_163:contadorSequencia" ;
+------+-------+----------+------------------------------------------------------+
; Port ; Type  ; Severity ; Details                                              ;
+------+-------+----------+------------------------------------------------------+
; ld   ; Input ; Info     ; Stuck at VCC                                         ;
; ent  ; Input ; Info     ; Stuck at VCC                                         ;
; D    ; Input ; Info     ; Stuck at GND                                         ;
+------+-------+----------+------------------------------------------------------+


+------------------------------------------------------------------------------------------------------------------------+
; Port Connectivity Checks: "exp5_fluxo_dados:FD"                                                                        ;
+--------------+--------+----------+-------------------------------------------------------------------------------------+
; Port         ; Type   ; Severity ; Details                                                                             ;
+--------------+--------+----------+-------------------------------------------------------------------------------------+
; escreveM     ; Input  ; Info     ; Stuck at GND                                                                        ;
; db_sequencia ; Output ; Info     ; Connected to dangling logic. Logic that only feeds a dangling port will be removed. ;
+--------------+--------+----------+-------------------------------------------------------------------------------------+


+-----------------------------------------------------+
; Post-Synthesis Netlist Statistics for Top Partition ;
+-----------------------+-----------------------------+
; Type                  ; Count                       ;
+-----------------------+-----------------------------+
; arriav_ff             ; 42                          ;
;     CLR               ; 14                          ;
;     ENA               ; 8                           ;
;     ENA CLR           ; 4                           ;
;     ENA CLR SCLR      ; 12                          ;
;     plain             ; 4                           ;
; arriav_lcell_comb     ; 90                          ;
;     arith             ; 12                          ;
;         1 data inputs ; 12                          ;
;     normal            ; 78                          ;
;         0 data inputs ; 1                           ;
;         1 data inputs ; 6                           ;
;         2 data inputs ; 8                           ;
;         3 data inputs ; 4                           ;
;         4 data inputs ; 40                          ;
;         5 data inputs ; 6                           ;
;         6 data inputs ; 13                          ;
; boundary_port         ; 50                          ;
;                       ;                             ;
; Max LUT depth         ; 3.00                        ;
; Average LUT depth     ; 1.78                        ;
+-----------------------+-----------------------------+


+-------------------------------+
; Elapsed Time Per Partition    ;
+----------------+--------------+
; Partition Name ; Elapsed Time ;
+----------------+--------------+
; Top            ; 00:00:00     ;
+----------------+--------------+


+-------------------------------+
; Analysis & Synthesis Messages ;
+-------------------------------+
Info: *******************************************************************
Info: Running Quartus Prime Analysis & Synthesis
    Info: Version 20.1.1 Build 720 11/11/2020 SJ Lite Edition
    Info: Processing started: Thu Jan 30 15:38:41 2025
Info: Command: quartus_map --read_settings_files=on --write_settings_files=off circuito_exp5 -c circuito_exp5
Warning (18236): Number of processors has not been specified which may cause overloading on shared machines.  Set the global assignment NUM_PARALLEL_PROCESSORS in your QSF to an appropriate value for best performance.
Info (20030): Parallel compilation is enabled and will use 4 of the 4 processors detected
Info (12021): Found 1 design units, including 1 entities, in source file /users/gabri/code/verilog/quartus/lab05/verilog/sync_rom_16x4.v
    Info (12023): Found entity 1: sync_rom_16x4 File: C:/Users/gabri/CODE/VERILOG/QUARTUS/LAB05/VERILOG/sync_rom_16x4.v Line: 13
Info (12021): Found 1 design units, including 1 entities, in source file /users/gabri/code/verilog/quartus/lab05/verilog/registrador_4.v
    Info (12023): Found entity 1: registrador_4 File: C:/Users/gabri/CODE/VERILOG/QUARTUS/LAB05/VERILOG/registrador_4.v Line: 13
Info (12021): Found 1 design units, including 1 entities, in source file /users/gabri/code/verilog/quartus/lab05/verilog/hexa7seg.v
    Info (12023): Found entity 1: hexa7seg File: C:/Users/gabri/CODE/VERILOG/QUARTUS/LAB05/VERILOG/hexa7seg.v Line: 23
Info (12021): Found 1 design units, including 1 entities, in source file /users/gabri/code/verilog/quartus/lab05/verilog/exp5_unidade_controle.v
    Info (12023): Found entity 1: exp5_unidade_controle File: C:/Users/gabri/CODE/VERILOG/QUARTUS/LAB05/VERILOG/exp5_unidade_controle.v Line: 15
Info (12021): Found 1 design units, including 1 entities, in source file /users/gabri/code/verilog/quartus/lab05/verilog/exp5_fluxo_dados.v
    Info (12023): Found entity 1: exp5_fluxo_dados File: C:/Users/gabri/CODE/VERILOG/QUARTUS/LAB05/VERILOG/exp5_fluxo_dados.v Line: 13
Info (12021): Found 1 design units, including 1 entities, in source file /users/gabri/code/verilog/quartus/lab05/verilog/edge_detector.v
    Info (12023): Found entity 1: edge_detector File: C:/Users/gabri/CODE/VERILOG/QUARTUS/LAB05/VERILOG/edge_detector.v Line: 21
Info (12021): Found 1 design units, including 1 entities, in source file /users/gabri/code/verilog/quartus/lab05/verilog/contador_m.v
    Info (12023): Found entity 1: contador_m File: C:/Users/gabri/CODE/VERILOG/QUARTUS/LAB05/VERILOG/contador_m.v Line: 20
Info (12021): Found 1 design units, including 1 entities, in source file /users/gabri/code/verilog/quartus/lab05/verilog/contador_163.v
    Info (12023): Found entity 1: contador_163 File: C:/Users/gabri/CODE/VERILOG/QUARTUS/LAB05/VERILOG/contador_163.v Line: 16
Info (12021): Found 1 design units, including 1 entities, in source file /users/gabri/code/verilog/quartus/lab05/verilog/comparador_85.v
    Info (12023): Found entity 1: comparador_85 File: C:/Users/gabri/CODE/VERILOG/QUARTUS/LAB05/VERILOG/comparador_85.v Line: 16
Info (12021): Found 1 design units, including 1 entities, in source file /users/gabri/code/verilog/quartus/lab05/verilog/circuito_exp5.v
    Info (12023): Found entity 1: circuito_exp5 File: C:/Users/gabri/CODE/VERILOG/QUARTUS/LAB05/VERILOG/circuito_exp5.v Line: 1
Info (12127): Elaborating entity "circuito_exp5" for the top level hierarchy
Info (12128): Elaborating entity "exp5_fluxo_dados" for hierarchy "exp5_fluxo_dados:FD" File: C:/Users/gabri/CODE/VERILOG/QUARTUS/LAB05/VERILOG/circuito_exp5.v Line: 85
Warning (10034): Output port "db_sequencia" at exp5_fluxo_dados.v(30) has no driver File: C:/Users/gabri/CODE/VERILOG/QUARTUS/LAB05/VERILOG/exp5_fluxo_dados.v Line: 30
Info (12128): Elaborating entity "contador_163" for hierarchy "exp5_fluxo_dados:FD|contador_163:contadorSequencia" File: C:/Users/gabri/CODE/VERILOG/QUARTUS/LAB05/VERILOG/exp5_fluxo_dados.v Line: 60
Info (12128): Elaborating entity "contador_m" for hierarchy "exp5_fluxo_dados:FD|contador_m:timeout" File: C:/Users/gabri/CODE/VERILOG/QUARTUS/LAB05/VERILOG/exp5_fluxo_dados.v Line: 84
Info (12128): Elaborating entity "registrador_4" for hierarchy "exp5_fluxo_dados:FD|registrador_4:reg4Bits" File: C:/Users/gabri/CODE/VERILOG/QUARTUS/LAB05/VERILOG/exp5_fluxo_dados.v Line: 93
Info (12128): Elaborating entity "edge_detector" for hierarchy "exp5_fluxo_dados:FD|edge_detector:detector" File: C:/Users/gabri/CODE/VERILOG/QUARTUS/LAB05/VERILOG/exp5_fluxo_dados.v Line: 101
Info (12128): Elaborating entity "sync_rom_16x4" for hierarchy "exp5_fluxo_dados:FD|sync_rom_16x4:memoria" File: C:/Users/gabri/CODE/VERILOG/QUARTUS/LAB05/VERILOG/exp5_fluxo_dados.v Line: 108
Info (12128): Elaborating entity "comparador_85" for hierarchy "exp5_fluxo_dados:FD|comparador_85:comparadorRodada" File: C:/Users/gabri/CODE/VERILOG/QUARTUS/LAB05/VERILOG/exp5_fluxo_dados.v Line: 120
Info (12128): Elaborating entity "exp5_unidade_controle" for hierarchy "exp5_unidade_controle:UC" File: C:/Users/gabri/CODE/VERILOG/QUARTUS/LAB05/VERILOG/circuito_exp5.v Line: 112
Warning (10034): Output port "limpaM" at exp5_unidade_controle.v(29) has no driver File: C:/Users/gabri/CODE/VERILOG/QUARTUS/LAB05/VERILOG/exp5_unidade_controle.v Line: 29
Warning (10034): Output port "registraM" at exp5_unidade_controle.v(33) has no driver File: C:/Users/gabri/CODE/VERILOG/QUARTUS/LAB05/VERILOG/exp5_unidade_controle.v Line: 33
Info (12128): Elaborating entity "hexa7seg" for hierarchy "hexa7seg:HEX2" File: C:/Users/gabri/CODE/VERILOG/QUARTUS/LAB05/VERILOG/circuito_exp5.v Line: 118
Warning (13024): Output pins are stuck at VCC or GND
    Warning (13410): Pin "pronto" is stuck at VCC File: C:/Users/gabri/CODE/VERILOG/QUARTUS/LAB05/VERILOG/circuito_exp5.v Line: 6
Info (286030): Timing-Driven Synthesis is running
Info (17049): 4 registers lost all their fanouts during netlist optimizations.
Info (16010): Generating hard_block partition "hard_block:auto_generated_inst"
    Info (16011): Adding 0 node(s), including 0 DDIO, 0 PLL, 0 transceiver and 0 LCELL
Info (21057): Implemented 140 device resources after synthesis - the final resource count might be different
    Info (21058): Implemented 7 input pins
    Info (21059): Implemented 43 output pins
    Info (21061): Implemented 90 logic cells
Info: Quartus Prime Analysis & Synthesis was successful. 0 errors, 6 warnings
    Info: Peak virtual memory: 4823 megabytes
    Info: Processing ended: Thu Jan 30 15:38:53 2025
    Info: Elapsed time: 00:00:12
    Info: Total CPU time (on all processors): 00:00:27


